Diagnose log at 2025-10-16T20:42:43Z

AppPath: C:\Program Files\Git\mingw64\bin\git-credential-manager.exe
InstallDir: C:\Program Files\Git\mingw64\bin\
Version: 2.3.2

------------
Diagnostic: Environment
Skipped: False
Success: True
Exception: None
Log:
OSType: Windows
OSVersion: 10.0 (build 26100)
Reading environment variables... OK
 Variables:
HOMEPATH=\Users\EQUIPO
DriverData=C:\Windows\System32\Drivers\DriverData
TERMINAL_EMULATOR=JetBrains-JediTerm
HOME=C:\Users\EQUIPO
GIT_TRACE2_PARENT_SID=4be1956b-e4e2-44dd-9e17-d1fe2b4c2dde
CommonProgramFiles(x86)=C:\Program Files (x86)\Common Files
OneDrive=C:\Users\EQUIPO\OneDrive - Universidad de Antioquia
ChocolateyLastPathUpdate=133951872920017879
SESSIONNAME=Console
TMP=C:\Users\EQUIPO\AppData\Local\Temp
EFC_14644_1592913036=1
PROCESSOR_REVISION=a502
PROCESSOR_ARCHITECTURE=x86
PATHEXT=.COM;.EXE;.BAT;.CMD;.VBS;.VBE;.JS;.JSE;.WSF;.WSH;.MSC;.CPL
EFC_14644_1262719628=1
SystemDrive=C:
GIT_EXEC_PATH=C:/Program Files/Git/mingw64/libexec/git-core
TEMP=C:\Users\EQUIPO\AppData\Local\Temp
LOCALAPPDATA=C:\Users\EQUIPO\AppData\Local
MSYSTEM=MINGW64
TERM=xterm-256color
ProgramData=C:\ProgramData
USERDOMAIN=DESKTOP-EC14KE3
ProgramFiles(x86)=C:\Program Files (x86)
ComSpec=C:\WINDOWS\system32\cmd.exe
JETBRAINS_INTELLIJ_COMMAND_END_MARKER=wvJtJjveVhFR8jKNneMUoEk2pKYslTInozaN04FNMLbEzUfUJYPMvhaZYOjSsbR5
PROCESSOR_LEVEL=6
PROCESSOR_IDENTIFIER=Intel64 Family 6 Model 165 Stepping 2, GenuineIntel
TMPDIR=C:\Users\EQUIPO\AppData\Local\Temp
EFC_14644_2775293581=1
PSModulePath=C:\Users\EQUIPO\Documents\WindowsPowerShell\Modules;C:\Program Files\WindowsPowerShell\Modules;C:\WINDOWS\system32\WindowsPowerShell\v1.0\Modules
PUBLIC=C:\Users\Public
NUMBER_OF_PROCESSORS=8
FPS_BROWSER_USER_PROFILE_STRING=Default
CommonProgramFiles=C:\Program Files (x86)\Common Files
__PSLockDownPolicy=0
ProgramFiles=C:\Program Files (x86)
PLINK_PROTOCOL=ssh
COLORTERM=truecolor
MSYS=disable_pcon
ChocolateyInstall=C:\ProgramData\chocolatey
SystemRoot=C:\WINDOWS
EFC_14644_2283032206=1
TERM_SESSION_ID=a43cd10b-2df2-4896-a821-9ae2b73eca26
COMPUTERNAME=DESKTOP-EC14KE3
CommonProgramW6432=C:\Program Files\Common Files
LOGONSERVER=\\DESKTOP-EC14KE3
USERPROFILE=C:\Users\EQUIPO
USERDOMAIN_ROAMINGPROFILE=DESKTOP-EC14KE3
EFC_14644_3789132940=1
APPDATA=C:\Users\EQUIPO\AppData\Roaming
HOMEDRIVE=C:
OS=Windows_NT
USERNAME=EQUIPO
PROCESSOR_ARCHITEW6432=AMD64
FPS_BROWSER_APP_PROFILE_STRING=Internet Explorer
PSExecutionPolicyPreference=Bypass
LC_CTYPE=C.UTF-8
ProgramW6432=C:\Program Files
Path=C:/Program Files/Git/mingw64/libexec/git-core;C:\Program Files\Git\mingw64\bin;C:\Program Files\Git\usr\bin;C:\Users\EQUIPO\bin;C:/Users/EQUIPO/AppData/Roaming/JetBrains/IntelliJIdea2024.3/node/versions/22.20.0;C:\Program Files\Common Files\Oracle\Java\javapath;C:\WINDOWS\system32;C:\WINDOWS;C:\WINDOWS\System32\Wbem;C:\WINDOWS\System32\WindowsPowerShell\v1.0\;C:\WINDOWS\System32\OpenSSH\;D:\MATLAB\R2023a\bin;C:\Program Files\MATLAB\R2023a\bin;C:\Program Files\Git\cmd;C:\Program Files (x86)\NVIDIA Corporation\PhysX\Common;;C:\Program Files\NVIDIA Corporation\NVIDIA app\NvDLISR;C:\Program Files\Docker\Docker\resources\bin;C:\ProgramData\chocolatey\bin;C:\Users\EQUIPO\AppData\Local\Programs\Python\Python312\Scripts\;C:\Users\EQUIPO\AppData\Local\Programs\Python\Python312\;C:\Users\EQUIPO\AppData\Local\Microsoft\WindowsApps;C:\Users\EQUIPO\AppData\Local\Programs\Microsoft VS Code\bin;C:\Users\EQUIPO\AppData\Local\gitkraken\bin;C:\Users\EQUIPO\IdeaProjects\stockmaster-frontend\node_modules\.bin
windir=C:\WINDOWS
ALLUSERSPROFILE=C:\ProgramData


------------
Diagnostic: File system
Skipped: False
Success: True
Exception: None
Log:
Temporary directory is 'C:\Users\EQUIPO\AppData\Local\Temp\'...
Checking basic file I/O...
Writing to temporary file 'C:\Users\EQUIPO\AppData\Local\Temp\99484ae2bb2e6559ac82a3bf'... OK
Reading from temporary file 'C:\Users\EQUIPO\AppData\Local\Temp\99484ae2bb2e6559ac82a3bf'... OK
Deleting temporary file 'C:\Users\EQUIPO\AppData\Local\Temp\99484ae2bb2e6559ac82a3bf'... OK
Testing IFileSystem instance...
UserHomePath: C:\Users\EQUIPO
UserDataDirectoryPath: C:\Users\EQUIPO\.gcm
GetCurrentDirectory(): C:\Users\EQUIPO\IdeaProjects\stockmaster-frontend

------------
Diagnostic: Networking
Skipped: False
Success: True
Exception: None
Log:
Checking networking and HTTP stack...
Creating HTTP client... OK
IsNetworkAvailable: True
Sending HEAD request to http://example.com...Sending HEAD request to https://example.com... OK
Acquiring free TCP port... OK
Testing local HTTP loopback connections...
Creating new HTTP listener for http://localhost:52095/... OK
Waiting for loopback connection... OK
Writing response... OK
Waiting for response data... OK
Loopback connection data OK

------------
Diagnostic: Git
Skipped: False
Success: True
Exception: None
Log:
Getting Git version... OK
Git version is '2.42.0.windows.2'
Locating current repository... OK
Git repository at 'C:/Users/EQUIPO/IdeaProjects/stockmaster-frontend/.git'
Listing all Git configuration... OK
Git configuration:
file:C:/Program Files/Git/etc/gitconfig	diff.astextplain.textconv=astextplain
file:C:/Program Files/Git/etc/gitconfig	filter.lfs.clean=git-lfs clean -- %f
file:C:/Program Files/Git/etc/gitconfig	filter.lfs.smudge=git-lfs smudge -- %f
file:C:/Program Files/Git/etc/gitconfig	filter.lfs.process=git-lfs filter-process
file:C:/Program Files/Git/etc/gitconfig	filter.lfs.required=true
file:C:/Program Files/Git/etc/gitconfig	http.sslbackend=openssl
file:C:/Program Files/Git/etc/gitconfig	http.sslcainfo=C:/Program Files/Git/mingw64/etc/ssl/certs/ca-bundle.crt
file:C:/Program Files/Git/etc/gitconfig	core.autocrlf=true
file:C:/Program Files/Git/etc/gitconfig	core.fscache=true
file:C:/Program Files/Git/etc/gitconfig	core.symlinks=false
file:C:/Program Files/Git/etc/gitconfig	pull.rebase=false
file:C:/Program Files/Git/etc/gitconfig	credential.helper=manager
file:C:/Program Files/Git/etc/gitconfig	credential.https://dev.azure.com.usehttppath=true
file:C:/Program Files/Git/etc/gitconfig	init.defaultbranch=master
file:C:/Users/EQUIPO/.gitconfig	user.name=Jose Miguel Monsalve
file:C:/Users/EQUIPO/.gitconfig	user.email=jmiguel.monsalve@udea.edu.co
file:C:/Users/EQUIPO/.gitconfig	safe.directory=C:/Users/EQUIPO/Documents/Intellij Projects Clases/Laboratorio4/Laboratorio4
file:.git/config	core.repositoryformatversion=0
file:.git/config	core.filemode=false
file:.git/config	core.bare=false
file:.git/config	core.logallrefupdates=true
file:.git/config	core.symlinks=false
file:.git/config	core.ignorecase=true
file:.git/config	submodule.active=.
file:.git/config	remote.origin.url=https://github.com/Miguel-Agudelo/stockmaster-frontend.git
file:.git/config	remote.origin.fetch=+refs/heads/*:refs/remotes/origin/*
file:.git/config	branch.main.remote=origin
file:.git/config	branch.main.merge=refs/heads/main


------------
Diagnostic: Credential storage
Skipped: False
Success: True
Exception: None
Log:
ICredentialStore instance is of type: CredentialStore
Writing test credential... OK
Reading test credential... OK
Deleting test credential... OK

------------
Diagnostic: Microsoft authentication (AAD/MSA)
Skipped: False
Success: True
Exception: None
Log:
Broker is not enabled.
Flow type is: Auto
Gathering MSAL token cache data... OK
CacheDirectory: C:\Users\EQUIPO\AppData\Local\.IdentityService
CacheFileName: msal.cache
CacheFilePath: C:\Users\EQUIPO\AppData\Local\.IdentityService\msal.cache
Creating cache helper... OK
Verifying MSAL token cache persistence... OK

